[2017-09-27 19:21:58 ^11504.2]	ERROR	zm_deactivate_swoole (ERROR 503): Fatal error: Cannot access protected property Game\Core\Route::$map in /mnt/winshare/test/myswoole/poker/Game/swoole-h5game/core/Dispatch.php on line 42.
[2017-09-27 19:21:58 $11501.0]	WARNING	swManager_check_exit_status: worker#2 abnormal exit, status=255, signal=0
[2017-09-27 19:22:25 ^11505.3]	ERROR	zm_deactivate_swoole (ERROR 503): Fatal error: Cannot access protected property Game\Core\Route::$map in /mnt/winshare/test/myswoole/poker/Game/swoole-h5game/core/Dispatch.php on line 42.
[2017-09-27 19:22:25 $11501.0]	WARNING	swManager_check_exit_status: worker#3 abnormal exit, status=255, signal=0
[2017-09-27 19:23:19 ^11587.4]	ERROR	zm_deactivate_swoole (ERROR 503): Fatal error: Class '\Game\Lib\' not found in /mnt/winshare/test/myswoole/poker/Game/swoole-h5game/core/Dispatch.php on line 46.
[2017-09-27 19:23:19 $11582.0]	WARNING	swManager_check_exit_status: worker#4 abnormal exit, status=255, signal=0
[2017-09-27 19:23:49 ^11588.5]	ERROR	zm_deactivate_swoole (ERROR 503): Fatal error: Class '\Game\Lib\' not found in /mnt/winshare/test/myswoole/poker/Game/swoole-h5game/core/Dispatch.php on line 46.
[2017-09-27 19:23:49 $11582.0]	WARNING	swManager_check_exit_status: worker#5 abnormal exit, status=255, signal=0
[2017-09-27 19:24:19 ^11585.2]	ERROR	zm_deactivate_swoole (ERROR 503): Fatal error: Class '\Game\Lib\' not found in /mnt/winshare/test/myswoole/poker/Game/swoole-h5game/core/Dispatch.php on line 46.
[2017-09-27 19:24:19 $11582.0]	WARNING	swManager_check_exit_status: worker#2 abnormal exit, status=0, signal=11
[2017-09-27 19:24:50 ^11586.3]	ERROR	zm_deactivate_swoole (ERROR 503): Fatal error: Class '\Game\Lib\' not found in /mnt/winshare/test/myswoole/poker/Game/swoole-h5game/core/Dispatch.php on line 46.
[2017-09-27 19:24:50 $11582.0]	WARNING	swManager_check_exit_status: worker#3 abnormal exit, status=0, signal=11
[2017-09-27 19:25:20 ^11631.4]	ERROR	zm_deactivate_swoole (ERROR 503): Fatal error: Class '\Game\Lib\' not found in /mnt/winshare/test/myswoole/poker/Game/swoole-h5game/core/Dispatch.php on line 46.
[2017-09-27 19:25:20 $11582.0]	WARNING	swManager_check_exit_status: worker#4 abnormal exit, status=0, signal=11
[2017-09-27 19:25:50 ^11664.5]	ERROR	zm_deactivate_swoole (ERROR 503): Fatal error: Class '\Game\Lib\' not found in /mnt/winshare/test/myswoole/poker/Game/swoole-h5game/core/Dispatch.php on line 33.
[2017-09-27 19:25:50 $11582.0]	WARNING	swManager_check_exit_status: worker#5 abnormal exit, status=0, signal=11
[2017-09-27 19:26:20 ^11706.2]	ERROR	zm_deactivate_swoole (ERROR 503): Fatal error: Class '\Game\Lib\' not found in /mnt/winshare/test/myswoole/poker/Game/swoole-h5game/core/Dispatch.php on line 31.
[2017-09-27 19:26:20 $11582.0]	WARNING	swManager_check_exit_status: worker#2 abnormal exit, status=0, signal=11
[2017-09-27 19:26:50 ^11879.2]	ERROR	zm_deactivate_swoole (ERROR 503): Fatal error: Class '\Game\Lib\' not found in /mnt/winshare/test/myswoole/poker/Game/swoole-h5game/core/Dispatch.php on line 33.
[2017-09-27 19:26:50 $11876.0]	WARNING	swManager_check_exit_status: worker#2 abnormal exit, status=255, signal=0
[2017-09-27 19:27:30 ^11890.2]	ERROR	zm_deactivate_swoole (ERROR 503): Fatal error: Class '\Game\Lib\' not found in /mnt/winshare/test/myswoole/poker/Game/swoole-h5game/core/Dispatch.php on line 33.
[2017-09-27 19:27:31 $11876.0]	WARNING	swManager_check_exit_status: worker#2 abnormal exit, status=255, signal=0
[2017-09-27 19:28:00 ^11882.5]	ERROR	zm_deactivate_swoole (ERROR 503): Fatal error: Class '\Game\Lib\' not found in /mnt/winshare/test/myswoole/poker/Game/swoole-h5game/core/Dispatch.php on line 33.
[2017-09-27 19:28:01 $11876.0]	WARNING	swManager_check_exit_status: worker#5 abnormal exit, status=0, signal=11
[2017-09-27 19:28:31 ^11941.2]	ERROR	zm_deactivate_swoole (ERROR 503): Fatal error: Class '\Game\Lib\' not found in /mnt/winshare/test/myswoole/poker/Game/swoole-h5game/core/Dispatch.php on line 33.
[2017-09-27 19:28:31 $11876.0]	WARNING	swManager_check_exit_status: worker#2 abnormal exit, status=0, signal=11
[2017-09-28 10:29:53 ^10466.2]	ERROR	zm_deactivate_swoole (ERROR 503): Fatal error: Class 'Game\Lib\JokerPoker' not found in /mnt/winshare/test/myswoole/poker/Game/swoole-h5game/lib/GetCard.php on line 17.
[2017-09-28 10:29:53 $10463.0]	WARNING	swManager_check_exit_status: worker#2 abnormal exit, status=255, signal=0
[2017-09-28 10:30:26 ^10521.2]	ERROR	zm_deactivate_swoole (ERROR 503): Fatal error: Class 'JokerPoker' not found in /mnt/winshare/test/myswoole/poker/Game/swoole-h5game/lib/GetCard.php on line 17.
[2017-09-28 10:30:26 $10518.0]	WARNING	swManager_check_exit_status: worker#2 abnormal exit, status=255, signal=0
[2017-09-28 10:31:14 ^10587.2]	ERROR	zm_deactivate_swoole (ERROR 503): Fatal error: Class 'Game\Lib\Game\Core\AStrategy' not found in /mnt/winshare/test/myswoole/poker/Game/swoole-h5game/lib/GetCard.php on line 8.
[2017-09-28 10:31:14 $10584.0]	WARNING	swManager_check_exit_status: worker#2 abnormal exit, status=255, signal=0
[2017-09-28 10:32:20 ^10675.2]	ERROR	zm_deactivate_swoole (ERROR 503): Fatal error: Class 'Game\Lib\AStrategy' not found in /mnt/winshare/test/myswoole/poker/Game/swoole-h5game/lib/GetCard.php on line 10.
[2017-09-28 10:32:20 $10671.0]	WARNING	swManager_check_exit_status: worker#2 abnormal exit, status=255, signal=0
[2017-09-28 10:33:41 ^10775.2]	ERROR	zm_deactivate_swoole (ERROR 503): Fatal error: Class 'Game\Lib\Game\Core\JokerPoker' not found in /mnt/winshare/test/myswoole/poker/Game/swoole-h5game/lib/GetCard.php on line 16.
[2017-09-28 10:33:41 $10772.0]	WARNING	swManager_check_exit_status: worker#2 abnormal exit, status=255, signal=0
